= 2022-07-14 11:05:21 - Starting Module1Application using Java 17.0.3 on DESKTOP-18I10OT with PID 6208 (D:\Cpgemini\Project\module2\target\classes started by SNEHA in D:\Cpgemini\Project\module2)
= 2022-07-14 11:05:21 - No active profile set, falling back to default profiles: default
= 2022-07-14 11:05:22 - Devtools property defaults active! Set 'spring.devtools.add-properties' to 'false' to disable
= 2022-07-14 11:05:22 - For additional web related logging consider setting the 'logging.level.web' property to 'DEBUG'
= 2022-07-14 11:05:27 - Bootstrapping Spring Data JPA repositories in DEFAULT mode.
= 2022-07-14 11:05:27 - Finished Spring Data repository scanning in 225 ms. Found 8 JPA repository interfaces.
= 2022-07-14 11:05:29 - Tomcat initialized with port(s): 4321 (http)
= 2022-07-14 11:05:29 - Starting service [Tomcat]
= 2022-07-14 11:05:29 - Starting Servlet engine: [Apache Tomcat/9.0.55]
= 2022-07-14 11:05:30 - Initializing Spring embedded WebApplicationContext
= 2022-07-14 11:05:30 - Root WebApplicationContext: initialization completed in 8189 ms
= 2022-07-14 11:05:30 - HHH000204: Processing PersistenceUnitInfo [name: default]
= 2022-07-14 11:05:31 - HHH000412: Hibernate ORM core version 5.6.1.Final
= 2022-07-14 11:05:31 - HCANN000001: Hibernate Commons Annotations {5.1.2.Final}
= 2022-07-14 11:05:31 - HikariPool-1 - Starting...
= 2022-07-14 11:05:33 - HikariPool-1 - Start completed.
= 2022-07-14 11:05:33 - HHH000400: Using dialect: org.hibernate.dialect.PostgreSQLDialect
= 2022-07-14 11:06:45 - Starting Module1Application using Java 17.0.3 on DESKTOP-18I10OT with PID 5756 (D:\Cpgemini\Project\module2\target\classes started by SNEHA in D:\Cpgemini\Project\module2)
= 2022-07-14 11:06:45 - No active profile set, falling back to default profiles: default
= 2022-07-14 11:06:46 - Devtools property defaults active! Set 'spring.devtools.add-properties' to 'false' to disable
= 2022-07-14 11:06:46 - For additional web related logging consider setting the 'logging.level.web' property to 'DEBUG'
= 2022-07-14 11:06:48 - Bootstrapping Spring Data JPA repositories in DEFAULT mode.
= 2022-07-14 11:06:48 - Finished Spring Data repository scanning in 196 ms. Found 8 JPA repository interfaces.
= 2022-07-14 11:06:50 - Tomcat initialized with port(s): 4321 (http)
= 2022-07-14 11:06:50 - Starting service [Tomcat]
= 2022-07-14 11:06:50 - Starting Servlet engine: [Apache Tomcat/9.0.55]
= 2022-07-14 11:06:50 - Initializing Spring embedded WebApplicationContext
= 2022-07-14 11:06:50 - Root WebApplicationContext: initialization completed in 4289 ms
= 2022-07-14 11:06:50 - HHH000204: Processing PersistenceUnitInfo [name: default]
= 2022-07-14 11:06:50 - HHH000412: Hibernate ORM core version 5.6.1.Final
= 2022-07-14 11:06:51 - HCANN000001: Hibernate Commons Annotations {5.1.2.Final}
= 2022-07-14 11:06:51 - HikariPool-1 - Starting...
= 2022-07-14 11:06:51 - HikariPool-1 - Start completed.
= 2022-07-14 11:06:52 - HHH000400: Using dialect: org.hibernate.dialect.PostgreSQLDialect
= 2022-07-14 11:06:54 - HHH000490: Using JtaPlatform implementation: [org.hibernate.engine.transaction.jta.platform.internal.NoJtaPlatform]
= 2022-07-14 11:06:54 - Initialized JPA EntityManagerFactory for persistence unit 'default'
= 2022-07-14 11:06:57 - spring.jpa.open-in-view is enabled by default. Therefore, database queries may be performed during view rendering. Explicitly configure spring.jpa.open-in-view to disable this warning
= 2022-07-14 11:07:04 - LiveReload server is running on port 35729
= 2022-07-14 11:07:05 - Tomcat started on port(s): 4321 (http) with context path ''
= 2022-07-14 11:07:05 - Started Module1Application in 20.903 seconds (JVM running for 23.038)
